<?xml version="1.0" encoding="UTF-8"?>
<!-- Generated by org.testng.reporters.JUnitXMLReporter -->
<testsuite ignored="0" hostname="DESKTOP-DAPT56R" failures="0" tests="4" name="Default test" time="25.561" errors="0" timestamp="2023-02-10T10:46:25 IST">
  <testcase classname="tests.SVGExample" name="mapTest" time="15.294"/>
  <testcase classname="tests.SVGExample" name="mapTest" time="16.428"/>
  <testcase classname="tests.SVGExample" name="mapTest" time="16.569"/>
  <testcase classname="tests.SVGExample" name="mapTest" time="25.513"/>
</testsuite> <!-- Default test -->
