<?xml version="1.0" encoding="UTF-8"?>
<testng-results ignored="0" total="4" passed="4" failed="0" skipped="0">
  <reporter-output>
  </reporter-output>
  <suite started-at="2023-02-10T10:45:59 IST" name="Default suite" finished-at="2023-02-10T10:46:25 IST" duration-ms="25561">
    <groups>
    </groups>
    <test started-at="2023-02-10T10:45:59 IST" name="Default test" finished-at="2023-02-10T10:46:25 IST" duration-ms="25561">
      <class name="tests.SVGExample">
        <test-method signature="mapTest(java.lang.String)[pri:0, instance:tests.SVGExample@1189dd52]" started-at="2023-02-10T10:45:59 IST" name="mapTest" data-provider="getState" finished-at="2023-02-10T10:46:25 IST" duration-ms="25513" status="PASS">
          <params>
            <param index="0">
              <value>
                <![CDATA[california]]>
              </value>
            </param>
          </params>
          <reporter-output>
          </reporter-output>
        </test-method> <!-- mapTest -->
        <test-method signature="mapTest(java.lang.String)[pri:0, instance:tests.SVGExample@1189dd52]" started-at="2023-02-10T10:45:59 IST" name="mapTest" data-provider="getState" finished-at="2023-02-10T10:46:16 IST" duration-ms="16569" status="PASS">
          <params>
            <param index="0">
              <value>
                <![CDATA[maryland]]>
              </value>
            </param>
          </params>
          <reporter-output>
          </reporter-output>
        </test-method> <!-- mapTest -->
        <test-method signature="mapTest(java.lang.String)[pri:0, instance:tests.SVGExample@1189dd52]" started-at="2023-02-10T10:45:59 IST" name="mapTest" data-provider="getState" finished-at="2023-02-10T10:46:16 IST" duration-ms="16428" status="PASS">
          <params>
            <param index="0">
              <value>
                <![CDATA[florida]]>
              </value>
            </param>
          </params>
          <reporter-output>
          </reporter-output>
        </test-method> <!-- mapTest -->
        <test-method signature="mapTest(java.lang.String)[pri:0, instance:tests.SVGExample@1189dd52]" started-at="2023-02-10T10:45:59 IST" name="mapTest" data-provider="getState" finished-at="2023-02-10T10:46:15 IST" duration-ms="15294" status="PASS">
          <params>
            <param index="0">
              <value>
                <![CDATA[new-york]]>
              </value>
            </param>
          </params>
          <reporter-output>
          </reporter-output>
        </test-method> <!-- mapTest -->
      </class> <!-- tests.SVGExample -->
    </test> <!-- Default test -->
  </suite> <!-- Default suite -->
</testng-results>
